Compiling the C compiler identification source file "CMakeCCompilerId.c" failed.
Compiler: /Library/Developer/CommandLineTools/usr/bin/cc 
Build flags: 
Id flags:  

The output was:
1
ld: library not found for -lSystem
clang: error: linker command failed with exit code 1 (use -v to see invocation)


Compiling the CXX compiler identification source file "CMakeCXXCompilerId.cpp" failed.
Compiler: /Library/Developer/CommandLineTools/usr/bin/c++ 
Build flags: 
Id flags:  

The output was:
1
ld: library not found for -lc++
clang: error: linker command failed with exit code 1 (use -v to see invocation)


Determining if files alsa/asoundlib.h exist failed with the following output:
Change Dir: /Users/evakato/desktop/fltk-master/build/CMakeFiles/CMakeTmp

Run Build Command(s):/usr/bin/make -f Makefile cmTC_efc98/fast && /Library/Developer/CommandLineTools/usr/bin/make  -f CMakeFiles/cmTC_efc98.dir/build.make CMakeFiles/cmTC_efc98.dir/build
Building C object CMakeFiles/cmTC_efc98.dir/HAVE_ALSA_ASOUNDLIB_H.c.o
/Library/Developer/CommandLineTools/usr/bin/cc   -arch arm64 -isysroot /Library/Developer/CommandLineTools/SDKs/MacOSX12.3.sdk -MD -MT CMakeFiles/cmTC_efc98.dir/HAVE_ALSA_ASOUNDLIB_H.c.o -MF CMakeFiles/cmTC_efc98.dir/HAVE_ALSA_ASOUNDLIB_H.c.o.d -o CMakeFiles/cmTC_efc98.dir/HAVE_ALSA_ASOUNDLIB_H.c.o -c /Users/evakato/desktop/fltk-master/build/CMakeFiles/CheckIncludeFiles/HAVE_ALSA_ASOUNDLIB_H.c
/Users/evakato/desktop/fltk-master/build/CMakeFiles/CheckIncludeFiles/HAVE_ALSA_ASOUNDLIB_H.c:2:10: fatal error: 'alsa/asoundlib.h' file not found
#include <alsa/asoundlib.h>
         ^~~~~~~~~~~~~~~~~~
1 error generated.
make[1]: *** [CMakeFiles/cmTC_efc98.dir/HAVE_ALSA_ASOUNDLIB_H.c.o] Error 1
make: *** [cmTC_efc98/fast] Error 2


Source:
/* */
#include <alsa/asoundlib.h>


int main(void){return 0;}

Determining if files GL/glu.h exist failed with the following output:
Change Dir: /Users/evakato/desktop/fltk-master/build/CMakeFiles/CMakeTmp

Run Build Command(s):/usr/bin/make -f Makefile cmTC_d04c2/fast && /Library/Developer/CommandLineTools/usr/bin/make  -f CMakeFiles/cmTC_d04c2.dir/build.make CMakeFiles/cmTC_d04c2.dir/build
Building C object CMakeFiles/cmTC_d04c2.dir/HAVE_GL_GLU_H.c.o
/Library/Developer/CommandLineTools/usr/bin/cc   -arch arm64 -isysroot /Library/Developer/CommandLineTools/SDKs/MacOSX12.3.sdk -MD -MT CMakeFiles/cmTC_d04c2.dir/HAVE_GL_GLU_H.c.o -MF CMakeFiles/cmTC_d04c2.dir/HAVE_GL_GLU_H.c.o.d -o CMakeFiles/cmTC_d04c2.dir/HAVE_GL_GLU_H.c.o -c /Users/evakato/desktop/fltk-master/build/CMakeFiles/CheckIncludeFiles/HAVE_GL_GLU_H.c
/Users/evakato/desktop/fltk-master/build/CMakeFiles/CheckIncludeFiles/HAVE_GL_GLU_H.c:2:10: fatal error: 'GL/glu.h' file not found
#include <GL/glu.h>
         ^~~~~~~~~~
1 error generated.
make[1]: *** [CMakeFiles/cmTC_d04c2.dir/HAVE_GL_GLU_H.c.o] Error 1
make: *** [cmTC_d04c2/fast] Error 2


Source:
/* */
#include <GL/glu.h>


int main(void){return 0;}

Determining if files sys/stdtypes.h exist failed with the following output:
Change Dir: /Users/evakato/desktop/fltk-master/build/CMakeFiles/CMakeTmp

Run Build Command(s):/usr/bin/make -f Makefile cmTC_d083a/fast && /Library/Developer/CommandLineTools/usr/bin/make  -f CMakeFiles/cmTC_d083a.dir/build.make CMakeFiles/cmTC_d083a.dir/build
Building C object CMakeFiles/cmTC_d083a.dir/HAVE_SYS_STDTYPES_H.c.o
/Library/Developer/CommandLineTools/usr/bin/cc   -arch arm64 -isysroot /Library/Developer/CommandLineTools/SDKs/MacOSX12.3.sdk -MD -MT CMakeFiles/cmTC_d083a.dir/HAVE_SYS_STDTYPES_H.c.o -MF CMakeFiles/cmTC_d083a.dir/HAVE_SYS_STDTYPES_H.c.o.d -o CMakeFiles/cmTC_d083a.dir/HAVE_SYS_STDTYPES_H.c.o -c /Users/evakato/desktop/fltk-master/build/CMakeFiles/CheckIncludeFiles/HAVE_SYS_STDTYPES_H.c
/Users/evakato/desktop/fltk-master/build/CMakeFiles/CheckIncludeFiles/HAVE_SYS_STDTYPES_H.c:2:10: fatal error: 'sys/stdtypes.h' file not found
#include <sys/stdtypes.h>
         ^~~~~~~~~~~~~~~~
1 error generated.
make[1]: *** [CMakeFiles/cmTC_d083a.dir/HAVE_SYS_STDTYPES_H.c.o] Error 1
make: *** [cmTC_d083a/fast] Error 2


Source:
/* */
#include <sys/stdtypes.h>


int main(void){return 0;}

Determining if files X11/Xlib.h;X11/Xregion.h exist failed with the following output:
Change Dir: /Users/evakato/desktop/fltk-master/build/CMakeFiles/CMakeTmp

Run Build Command(s):/usr/bin/make -f Makefile cmTC_b73bc/fast && /Library/Developer/CommandLineTools/usr/bin/make  -f CMakeFiles/cmTC_b73bc.dir/build.make CMakeFiles/cmTC_b73bc.dir/build
Building C object CMakeFiles/cmTC_b73bc.dir/HAVE_X11_XREGION_H.c.o
/Library/Developer/CommandLineTools/usr/bin/cc   -arch arm64 -isysroot /Library/Developer/CommandLineTools/SDKs/MacOSX12.3.sdk -MD -MT CMakeFiles/cmTC_b73bc.dir/HAVE_X11_XREGION_H.c.o -MF CMakeFiles/cmTC_b73bc.dir/HAVE_X11_XREGION_H.c.o.d -o CMakeFiles/cmTC_b73bc.dir/HAVE_X11_XREGION_H.c.o -c /Users/evakato/desktop/fltk-master/build/CMakeFiles/CheckIncludeFiles/HAVE_X11_XREGION_H.c
/Users/evakato/desktop/fltk-master/build/CMakeFiles/CheckIncludeFiles/HAVE_X11_XREGION_H.c:2:10: fatal error: 'X11/Xlib.h' file not found
#include <X11/Xlib.h>
         ^~~~~~~~~~~~
1 error generated.
make[1]: *** [CMakeFiles/cmTC_b73bc.dir/HAVE_X11_XREGION_H.c.o] Error 1
make: *** [cmTC_b73bc/fast] Error 2


Source:
/* */
#include <X11/Xlib.h>
#include <X11/Xregion.h>


int main(void){return 0;}

Determining if the function glXGetProcAddressARB exists failed with the following output:
Change Dir: /Users/evakato/desktop/fltk-master/build/CMakeFiles/CMakeTmp

Run Build Command(s):/usr/bin/make -f Makefile cmTC_bd15f/fast && /Library/Developer/CommandLineTools/usr/bin/make  -f CMakeFiles/cmTC_bd15f.dir/build.make CMakeFiles/cmTC_bd15f.dir/build
Building C object CMakeFiles/cmTC_bd15f.dir/CheckFunctionExists.c.o
/Library/Developer/CommandLineTools/usr/bin/cc  -I/Library/Developer/CommandLineTools/SDKs/MacOSX12.3.sdk/System/Library/Frameworks/OpenGL.framework/GL -DCHECK_FUNCTION_EXISTS=glXGetProcAddressARB -arch arm64 -isysroot /Library/Developer/CommandLineTools/SDKs/MacOSX12.3.sdk -MD -MT CMakeFiles/cmTC_bd15f.dir/CheckFunctionExists.c.o -MF CMakeFiles/cmTC_bd15f.dir/CheckFunctionExists.c.o.d -o CMakeFiles/cmTC_bd15f.dir/CheckFunctionExists.c.o -c /opt/homebrew/Cellar/cmake/3.24.1/share/cmake/Modules/CheckFunctionExists.c
Linking C executable cmTC_bd15f
/opt/homebrew/Cellar/cmake/3.24.1/bin/cmake -E cmake_link_script CMakeFiles/cmTC_bd15f.dir/link.txt --verbose=1
/Library/Developer/CommandLineTools/usr/bin/cc  -DCHECK_FUNCTION_EXISTS=glXGetProcAddressARB -arch arm64 -isysroot /Library/Developer/CommandLineTools/SDKs/MacOSX12.3.sdk -Wl,-search_paths_first -Wl,-headerpad_max_install_names  -framework Cocoa  CMakeFiles/cmTC_bd15f.dir/CheckFunctionExists.c.o -o cmTC_bd15f  -Xlinker -framework -Xlinker OpenGL -Xlinker -framework -Xlinker OpenGL 
Undefined symbols for architecture arm64:
  "_glXGetProcAddressARB", referenced from:
      _main in CheckFunctionExists.c.o
ld: symbol(s) not found for architecture arm64
clang: error: linker command failed with exit code 1 (use -v to see invocation)
make[1]: *** [cmTC_bd15f] Error 1
make: *** [cmTC_bd15f/fast] Error 2



